Using pre-set license
Built from '2020.2/staging' branch; Version is '2020.2.6f1 (8a2143876886) revision 9052483'; Using compiler version '192528614'; Build Type 'Release'
OS: 'Windows 10 Home Single Language; OS build 19042.867; Version 2009; 64bit' Language: 'en' Physical Memory: 4011 MB
BatchMode: 1, IsHumanControllingUs: 0, StartBugReporterOnCrash: 0, Is64bit: 1, IsPro: 0

 COMMAND LINE ARGUMENTS:
C:\Program Files\Unity\Hub\Editor\2020.2.6f1\Editor\Unity.exe
-adb2
-batchMode
-noUpm
-name
AssetImportWorker3
-projectPath
F:/project/Zic zac 2
-logFile
Logs/AssetImportWorker3.log
-srvPort
49937
Successfully changed project path to: F:/project/Zic zac 2
F:/project/Zic zac 2
Using Asset Import Pipeline V2.
Refreshing native plugins compatible for Editor in 99.33 ms, found 0 plugins.
Preloading 0 native plugins for Editor in 0.00 ms.
Initialize engine version: 2020.2.6f1 (8a2143876886)
[Subsystems] Discovering subsystems at path C:/Program Files/Unity/Hub/Editor/2020.2.6f1/Editor/Data/Resources/UnitySubsystems
[Subsystems] Discovering subsystems at path F:/project/Zic zac 2/Assets
GfxDevice: creating device client; threaded=0
Direct3D:
    Version:  Direct3D 11.0 [level 11.1]
    Renderer: Intel(R) UHD Graphics 620 (ID=0x5917)
    Vendor:   
    VRAM:     2005 MB
    Driver:   27.20.100.9171
Initialize mono
Mono path[0] = 'C:/Program Files/Unity/Hub/Editor/2020.2.6f1/Editor/Data/Managed'
Mono path[1] = 'C:/Program Files/Unity/Hub/Editor/2020.2.6f1/Editor/Data/MonoBleedingEdge/lib/mono/unityjit'
Mono config path = 'C:/Program Files/Unity/Hub/Editor/2020.2.6f1/Editor/Data/MonoBleedingEdge/etc'
Using monoOptions --debugger-agent=transport=dt_socket,embedding=1,server=y,suspend=n,address=127.0.0.1:56736
Begin MonoManager ReloadAssembly
Registering precompiled unity dll's ...
Register platform support module: C:/Program Files/Unity/Hub/Editor/2020.2.6f1/Editor/Data/PlaybackEngines/WindowsStandaloneSupport/UnityEditor.WindowsStandalone.Extensions.dll
Registered in 0.005173 seconds.
Native extension for WindowsStandalone target not found
Refreshing native plugins compatible for Editor in 92.43 ms, found 0 plugins.
Preloading 0 native plugins for Editor in 0.00 ms.
Invoked RoslynAnalysisRunner static constructor.
RoslynAnalysisRunner will not be running.
RoslynAnalysisRunner has terminated.
Mono: successfully reloaded assembly
- Completed reload, in  5.311 seconds
Platform modules already initialized, skipping
Registering precompiled user dll's ...
Registered in 0.005258 seconds.
Begin MonoManager ReloadAssembly
Native extension for WindowsStandalone target not found
Refreshing native plugins compatible for Editor in 1.26 ms, found 0 plugins.
Preloading 0 native plugins for Editor in 0.00 ms.
Invoked RoslynAnalysisRunner static constructor.
RoslynAnalysisRunner will not be running.
RoslynAnalysisRunner has terminated.
Mono: successfully reloaded assembly
- Completed reload, in  2.794 seconds
Platform modules already initialized, skipping
========================================================================
Worker process is ready to serve import requests
Launched and connected shader compiler UnityShaderCompiler.exe after 0.15 seconds
Refreshing native plugins compatible for Editor in 1.38 ms, found 0 plugins.
Preloading 0 native plugins for Editor in 0.00 ms.
Unloading 1412 Unused Serialized files (Serialized files now loaded: 0)
System memory in use before: 64.8 MB.
System memory in use after: 64.9 MB.

Unloading 33 unused Assets to reduce memory usage. Loaded Objects now: 1842.
Total: 2.952700 ms (FindLiveObjects: 0.256000 ms CreateObjectMapping: 0.063100 ms MarkObjects: 2.236400 ms  DeleteObjects: 0.394000 ms)

========================================================================
Received Import Request.
  path: Assets/Scenes
  artifactKey: Guid(03104d155b0fa8d4d878caf8f9e83ebe) Importer(815301076,1909f56bfc062723c751e8b465ee728b)
Start importing Assets/Scenes using Guid(03104d155b0fa8d4d878caf8f9e83ebe) Importer(815301076,1909f56bfc062723c751e8b465ee728b)  -> (artifact id: '965f13629c5942db67c4f8c7b4fe33af') in 0.074626 seconds
  Import took 0.116711 seconds .

========================================================================
Received Import Request.
  Time since last request: 0.014051 seconds.
  path: Assets/Scenes/Game secne.unity
  artifactKey: Guid(492eb054a186b1a48a7036e9462389f7) Importer(815301076,1909f56bfc062723c751e8b465ee728b)
Start importing Assets/Scenes/Game secne.unity using Guid(492eb054a186b1a48a7036e9462389f7) Importer(815301076,1909f56bfc062723c751e8b465ee728b)  -> (artifact id: 'e81003bd5273c06eef0c5c534c290b87') in 0.029876 seconds
  Import took 0.038075 seconds .

========================================================================
Received Import Request.
  Time since last request: 68.925359 seconds.
  path: Assets/Scenes/start scene.unity
  artifactKey: Guid(251be0216d36cea40aa472b15e54dc80) Importer(815301076,1909f56bfc062723c751e8b465ee728b)
Start importing Assets/Scenes/start scene.unity using Guid(251be0216d36cea40aa472b15e54dc80) Importer(815301076,1909f56bfc062723c751e8b465ee728b)  -> (artifact id: 'b8a04647a26813d92c85b37484298ec4') in 0.173067 seconds
  Import took 0.219723 seconds .

========================================================================
Received Prepare
Registering precompiled user dll's ...
Registered in 0.001586 seconds.
Begin MonoManager ReloadAssembly
Native extension for WindowsStandalone target not found
Refreshing native plugins compatible for Editor in 0.41 ms, found 0 plugins.
Preloading 0 native plugins for Editor in 0.00 ms.
Invoked RoslynAnalysisRunner static constructor.
RoslynAnalysisRunner will not be running.
RoslynAnalysisRunner has terminated.
Mono: successfully reloaded assembly
- Completed reload, in  0.850 seconds
Platform modules already initialized, skipping
Refreshing native plugins compatible for Editor in 0.76 ms, found 0 plugins.
Preloading 0 native plugins for Editor in 0.00 ms.
Unloading 1406 Unused Serialized files (Serialized files now loaded: 0)
System memory in use before: 64.7 MB.
System memory in use after: 64.8 MB.

Unloading 24 unused Assets to reduce memory usage. Loaded Objects now: 1844.
Total: 2.757200 ms (FindLiveObjects: 0.264300 ms CreateObjectMapping: 0.088300 ms MarkObjects: 2.381000 ms  DeleteObjects: 0.021600 ms)

AssetImportWorkerClient::OnTransportError - code=2 error=End of file
